2019-11-05 13:17:56 -  - exec CUpdateClientPartner::__CollectRequestData
2019-11-05 13:17:56 -  - exec CUpdateClientPartner::GetHTTPPage
2019-11-05 13:17:56 -  - exec CUpdateClientPartner::ParseServerData
2019-11-05 13:17:56 -  - exec CUpdateClientPartner::GetUpdatesList
2019-11-05 13:17:56 -  - exec CUpdateClientPartner::__CollectRequestData
2019-11-05 13:17:56 -  - utf=N&lang=ru&stable=Y&CANGZIP=Y&SUPD_DBS=MYSQL&XE=N&CLIENT_SITE=bitrixagatech.local&LICENSE_KEY=X&SUPD_STS=1&SUPD_URS=0&SUPD_URSA=1&TYPENC=D&CLIENT_PHPVER=7.3.2&NGINX=Y&dbv=8.0.15&instm=main%2C19.0.325%2CY%3Babtest%2C18.5.0%2CN%3Badvertising%2C18.5.0%2CN%3Bb24connector%2C18.5.0%2CN%3Bbitrix.eshop%2C18.0.0%2CN%3Bbitrix.sitecommunity%2C15.5.0%2CN%3Bbitrix.sitecorporate%2C15.5.0%2CN%3Bbitrix.siteinfoportal%2C15.5.0%2CN%3Bbitrix.sitepersonal%2C15.5.0%2CN%3Bbitrixcloud%2C18.5.0%2CN%3Bbizproc%2C19.0.200%2CN%3Bbizprocdesigner%2C19.0.100%2CN%3Bblog%2C19.0.100%2CN%3Bcalendar%2C19.0.200%2CN%3Bcatalog%2C18.6.800%2CN%3Bclouds%2C18.5.200%2CN%3Bcompression%2C19.0.0%2CN%3Bconversion%2C18.5.1%2CN%3Bcurrency%2C19.0.0%2CN%3Bfileman%2C18.5.500%2CN%3Bform%2C18.0.0%2CN%3Bforum%2C19.0.0%2CN%3Bhighloadblock%2C18.5.100%2CN%3Biblock%2C18.6.850%2CN%3Bidea%2C17.5.1%2CN%3Bim%2C19.0.500%2CN%3Blanding%2C19.0.50%2CN%3Blearning%2C17.5.1%2CN%3Blists%2C19.0.0%2CN%3Bmail%2C19.0.300%2CN%3Bmessageservice%2C18.0.3%2CN%3Bmobileapp%2C19.0.0%2CN%3Bperfmon%2C18.5.0%2CN%3Bphotogallery%2C18.0.0%2CN%3Bpull%2C19.0.100%2CN%3Breport%2C18.1.600%2CN%3Brest%2C18.5.150%2CN%3Bsale%2C18.6.850%2CN%3Bscale%2C17.5.0%2CN%3Bsearch%2C18.5.200%2CN%3Bsecurity%2C19.0.0%2CN%3Bsender%2C19.0.100%2CN%3Bseo%2C19.0.600%2CN%3Bsocialnetwork%2C19.0.300%2CN%3Bsocialservices%2C18.5.300%2CN%3Bstatistic%2C18.5.0%2CN%3Bstoreassist%2C18.1.0%2CN%3Bsubscribe%2C18.5.0%2CN%3Bsupport%2C16.0.0%2CN%3Btranslate%2C18.0.100%2CN%3Bui%2C19.0.250%2CN%3Bvote%2C18.5.100%2CN%3Bwebservice%2C18.0.0%2CN%3Bwiki%2C17.5.1%2CN%3Bworkflow%2C18.5.0%2CN&reqm=bitrix.eshop%2Cbitrix.sitecommunity%2Cbitrix.sitecorporate%2Cbitrix.siteinfoportal%2Cbitrix.sitepersonal&fullmoduleinfo=Y&SUPD_SRS=RU&SUPD_CMP=N
2019-11-05 13:17:56 -  - exec CUpdateClientPartner::GetHTTPPage
2019-11-05 13:17:56 -  - TIME GetUpdatesList(request) 0.284 sec
2019-11-05 13:17:56 -  - exec CUpdateClientPartner::ParseServerData
2019-11-05 13:17:56 -  - exec CUpdateClientPartner::__CollectRequestData
2019-11-05 13:17:56 -  - exec CUpdateClientPartner::GetHTTPPage
2019-11-05 13:17:57 -  - exec CUpdateClientPartner::ParseServerData
2019-11-05 13:17:59 -  - exec CUpdateClientPartner::__CollectRequestData
2019-11-05 13:17:59 -  - exec CUpdateClientPartner::GetHTTPPage
2019-11-05 13:17:59 -  - exec CUpdateClientPartner::ParseServerData
2019-11-05 13:17:59 -  - exec CUpdateClientPartner::GetUpdatesList
2019-11-05 13:17:59 -  - exec CUpdateClientPartner::__CollectRequestData
2019-11-05 13:17:59 -  - utf=N&lang=ru&stable=Y&CANGZIP=Y&SUPD_DBS=MYSQL&XE=N&CLIENT_SITE=bitrixagatech.local&LICENSE_KEY=X&SUPD_STS=1&SUPD_URS=0&SUPD_URSA=1&TYPENC=D&CLIENT_PHPVER=7.3.2&NGINX=Y&dbv=8.0.15&instm=main%2C19.0.325%2CY%3Babtest%2C18.5.0%2CN%3Badvertising%2C18.5.0%2CN%3Bb24connector%2C18.5.0%2CN%3Bbitrix.eshop%2C18.0.0%2CN%3Bbitrix.sitecommunity%2C15.5.0%2CN%3Bbitrix.sitecorporate%2C15.5.0%2CN%3Bbitrix.siteinfoportal%2C15.5.0%2CN%3Bbitrix.sitepersonal%2C15.5.0%2CN%3Bbitrixcloud%2C18.5.0%2CN%3Bbizproc%2C19.0.200%2CN%3Bbizprocdesigner%2C19.0.100%2CN%3Bblog%2C19.0.100%2CN%3Bcalendar%2C19.0.200%2CN%3Bcatalog%2C18.6.800%2CN%3Bclouds%2C18.5.200%2CN%3Bcompression%2C19.0.0%2CN%3Bconversion%2C18.5.1%2CN%3Bcurrency%2C19.0.0%2CN%3Bfileman%2C18.5.500%2CN%3Bform%2C18.0.0%2CN%3Bforum%2C19.0.0%2CN%3Bhighloadblock%2C18.5.100%2CN%3Biblock%2C18.6.850%2CN%3Bidea%2C17.5.1%2CN%3Bim%2C19.0.500%2CN%3Blanding%2C19.0.50%2CN%3Blearning%2C17.5.1%2CN%3Blists%2C19.0.0%2CN%3Bmail%2C19.0.300%2CN%3Bmessageservice%2C18.0.3%2CN%3Bmobileapp%2C19.0.0%2CN%3Bperfmon%2C18.5.0%2CN%3Bphotogallery%2C18.0.0%2CN%3Bpull%2C19.0.100%2CN%3Breport%2C18.1.600%2CN%3Brest%2C18.5.150%2CN%3Bsale%2C18.6.850%2CN%3Bscale%2C17.5.0%2CN%3Bsearch%2C18.5.200%2CN%3Bsecurity%2C19.0.0%2CN%3Bsender%2C19.0.100%2CN%3Bseo%2C19.0.600%2CN%3Bsocialnetwork%2C19.0.300%2CN%3Bsocialservices%2C18.5.300%2CN%3Bstatistic%2C18.5.0%2CN%3Bstoreassist%2C18.1.0%2CN%3Bsubscribe%2C18.5.0%2CN%3Bsupport%2C16.0.0%2CN%3Btranslate%2C18.0.100%2CN%3Bui%2C19.0.250%2CN%3Bvote%2C18.5.100%2CN%3Bwebservice%2C18.0.0%2CN%3Bwiki%2C17.5.1%2CN%3Bworkflow%2C18.5.0%2CN&reqm=bitrix.eshop%2Cbitrix.sitecommunity%2Cbitrix.sitecorporate%2Cbitrix.siteinfoportal%2Cbitrix.sitepersonal&fullmoduleinfo=Y&SUPD_SRS=RU&SUPD_CMP=N
2019-11-05 13:17:59 -  - exec CUpdateClientPartner::GetHTTPPage
2019-11-05 13:17:59 -  - TIME GetUpdatesList(request) 0.306 sec
2019-11-05 13:17:59 -  - exec CUpdateClientPartner::ParseServerData
2019-11-05 13:17:59 -  - exec CUpdateClientPartner::__CollectRequestData
2019-11-05 13:17:59 -  - exec CUpdateClientPartner::GetHTTPPage
2019-11-05 13:18:00 -  - exec CUpdateClientPartner::ParseServerData
